#
# There is insufficient memory for the Java Runtime Environment to continue.
# Native memory allocation (malloc) failed to allocate 248176 bytes for Chunk::new
# Possible reasons:
#   The system is out of physical RAM or swap space
#   The process is running with CompressedOops enabled, and the Java Heap may be blocking the growth of the native heap
# Possible solutions:
#   Reduce memory load on the system
#   Increase physical memory or swap space
#   Check if swap backing store is full
#   Decrease Java heap size (-Xmx/-Xms)
#   Decrease number of Java threads
#   Decrease Java thread stack sizes (-Xss)
#   Set larger code cache with -XX:ReservedCodeCacheSize=
#   JVM is running with Unscaled Compressed Oops mode in which the Java heap is
#     placed in the first 4GB address space. The Java Heap base address is the
#     maximum limit for the native heap growth. Please use -XX:HeapBaseMinAddress
#     to set the Java Heap base and to place the Java Heap above 4GB virtual address.
# This output file may be truncated or incomplete.
#
#  Out of Memory Error (./src/hotspot/share/memory/arena.cpp:197), pid=13492, tid=12868
#
# JRE version: OpenJDK Runtime Environment (11.0.13) (build 11.0.13+0-b1751.21-8125866)
# Java VM: OpenJDK 64-Bit Server VM (11.0.13+0-b1751.21-8125866, mixed mode, tiered, compressed oops, g1 gc, windows-amd64)
# No core dump will be written. Minidumps are not enabled by default on client versions of Windows
#

---------------  S U M M A R Y ------------

Command Line: org.jetbrains.kotlin.cli.jvm.K2JVMCompiler @C:\Users\Admin\AndroidStudioProjects\IRDE\app\build\20240222_4588183785901575172.compiler.options

Host: Intel(R) Core(TM) i5-4210U CPU @ 1.70GHz, 4 cores, 7G,  Windows 10 , 64 bit Build 19041 (10.0.19041.3636)
Time: Thu Feb 22 10:08:29 2024 India Standard Time elapsed time: 3.033092 seconds (0d 0h 0m 3s)

---------------  T H R E A D  ---------------

Current thread (0x0000013ee77a2000):  JavaThread "C2 CompilerThread0" daemon [_thread_in_native, id=12868, stack(0x0000001722a00000,0x0000001722b00000)]


Current CompileTask:
C2:   3033 1210   !   4       java.util.concurrent.ConcurrentHashMap::putVal (432 bytes)

Stack: [0x0000001722a00000,0x0000001722b00000]
Native frames: (J=compiled Java code, j=interpreted, Vv=VM code, C=native code)
V  [jvm.dll+0x6100fa]
V  [jvm.dll+0x747090]
V  [jvm.dll+0x7486ad]
V  [jvm.dll+0x748d83]
V  [jvm.dll+0x24ab48]
V  [jvm.dll+0xc04dc]
V  [jvm.dll+0xc0a0c]
V  [jvm.dll+0x2bfab4]
V  [jvm.dll+0x524238]
V  [jvm.dll+0x20491a]
V  [jvm.dll+0x2023c2]
V  [jvm.dll+0x188e01]
V  [jvm.dll+0x21106b]
V  [jvm.dll+0x20f8c1]
V  [jvm.dll+0x70de0f]
V  [jvm.dll+0x706a75]
V  [jvm.dll+0x60ed66]
C  [ucrtbase.dll+0x21bb2]
C  [KERNEL32.DLL+0x17344]
C  [ntdll.dll+0x526b1]


---------------  P R O C E S S  ---------------

Threads class SMR info:
_java_thread_list=0x0000013ee835a4b0, length=10, elements={
0x0000013ecdbf0800, 0x0000013ee775b000, 0x0000013ee7787000, 0x0000013ee779a000,
0x0000013ee779d800, 0x0000013ee779f000, 0x0000013ee77a2000, 0x0000013ee77a3000,
0x0000013ee77b8000, 0x0000013ee8259000
}

Java Threads: ( => current thread )
  0x0000013ecdbf0800 JavaThread "main" [_thread_in_Java, id=11328, stack(0x0000001721d00000,0x0000001721e00000)]
  0x0000013ee775b000 JavaThread "Reference Handler" daemon [_thread_blocked, id=4792, stack(0x0000001722400000,0x0000001722500000)]
  0x0000013ee7787000 JavaThread "Finalizer" daemon [_thread_blocked, id=7008, stack(0x0000001722500000,0x0000001722600000)]
  0x0000013ee779a000 JavaThread "Signal Dispatcher" daemon [_thread_blocked, id=12964, stack(0x0000001722700000,0x0000001722800000)]
  0x0000013ee779d800 JavaThread "Attach Listener" daemon [_thread_blocked, id=2100, stack(0x0000001722800000,0x0000001722900000)]
  0x0000013ee779f000 JavaThread "Service Thread" daemon [_thread_blocked, id=12924, stack(0x0000001722900000,0x0000001722a00000)]
=>0x0000013ee77a2000 JavaThread "C2 CompilerThread0" daemon [_thread_in_native, id=12868, stack(0x0000001722a00000,0x0000001722b00000)]
  0x0000013ee77a3000 JavaThread "C1 CompilerThread0" daemon [_thread_in_vm, id=7964, stack(0x0000001722b00000,0x0000001722c00000)]
  0x0000013ee77b8000 JavaThread "Sweeper thread" daemon [_thread_blocked, id=11608, stack(0x0000001722c00000,0x0000001722d00000)]
  0x0000013ee8259000 JavaThread "Common-Cleaner" daemon [_thread_blocked, id=6272, stack(0x0000001722e00000,0x0000001722f00000)]

Other Threads:
  0x0000013ee7758000 VMThread "VM Thread" [stack: 0x0000001722300000,0x0000001722400000] [id=13620]
  0x0000013ee8250800 WatcherThread [stack: 0x0000001722d00000,0x0000001722e00000] [id=1740]
  0x0000013ecdc09800 GCTaskThread "GC Thread#0" [stack: 0x0000001721e00000,0x0000001721f00000] [id=2824]
  0x0000013ee8693800 GCTaskThread "GC Thread#1" [stack: 0x0000001722f00000,0x0000001723000000] [id=14712]
  0x0000013ee8630000 GCTaskThread "GC Thread#2" [stack: 0x0000001723000000,0x0000001723100000] [id=10136]
  0x0000013ecdc38800 ConcurrentGCThread "G1 Main Marker" [stack: 0x0000001721f00000,0x0000001722000000] [id=11372]
  0x0000013ecdc3b800 ConcurrentGCThread "G1 Conc#0" [stack: 0x0000001722000000,0x0000001722100000] [id=4416]
  0x0000013ecdcbf800 ConcurrentGCThread "G1 Refine#0" [stack: 0x0000001722100000,0x0000001722200000] [id=10556]
  0x0000013ecdcc0000 ConcurrentGCThread "G1 Young RemSet Sampling" [stack: 0x0000001722200000,0x0000001722300000] [id=3592]

Threads with active compile tasks:
C2 CompilerThread0   3621 1210   !   4       java.util.concurrent.ConcurrentHashMap::putVal (432 bytes)
C1 CompilerThread0   3621 1302       1       kotlin.reflect.jvm.internal.impl.descriptors.impl.ValueParameterDescriptorImpl::getIndex (5 bytes)

VM state:not at safepoint (normal execution)

VM Mutex/Monitor currently owned by a thread: None

Heap address: 0x0000000081200000, size: 2030 MB, Compressed Oops mode: 32-bit
Narrow klass base: 0x0000000000000000, Narrow klass shift: 3
Compressed class space size: 1073741824 Address: 0x0000000100000000

Heap:
 garbage-first heap   total 131072K, used 11241K [0x0000000081200000, 0x0000000100000000)
  region size 1024K, 8 young (8192K), 5 survivors (5120K)
 Metaspace       used 15547K, capacity 15677K, committed 16000K, reserved 1069056K
  class space    used 1492K, capacity 1538K, committed 1664K, reserved 1048576K
Heap Regions: E=young(eden), S=young(survivor), O=old, HS=humongous(starts), HC=humongous(continues), CS=collection set, F=free, A=archive, TAMS=top-at-mark-start (previous, next)
|   0|0x0000000081200000, 0x0000000081300000, 0x0000000081300000|100%|HS|  |TAMS 0x0000000081300000, 0x0000000081200000| Complete 
|   1|0x0000000081300000, 0x0000000081400000, 0x0000000081400000|100%|HC|  |TAMS 0x0000000081400000, 0x0000000081300000| Complete 
|   2|0x0000000081400000, 0x0000000081500000, 0x0000000081500000|100%|HC|  |TAMS 0x0000000081500000, 0x0000000081400000| Complete 
|   3|0x0000000081500000, 0x0000000081600000, 0x0000000081600000|100%|HC|  |TAMS 0x0000000081600000, 0x0000000081500000| Complete 
|   4|0x0000000081600000, 0x0000000081600000, 0x0000000081700000|  0%| F|  |TAMS 0x0000000081600000, 0x0000000081600000| Untracked 
|   5|0x0000000081700000, 0x0000000081733000, 0x0000000081800000| 19%| O|  |TAMS 0x0000000081733000, 0x0000000081700000| Untracked 
|   6|0x0000000081800000, 0x0000000081800000, 0x0000000081900000|  0%| F|  |TAMS 0x0000000081800000, 0x0000000081800000| Untracked 
|   7|0x0000000081900000, 0x0000000081900000, 0x0000000081a00000|  0%| F|  |TAMS 0x0000000081900000, 0x0000000081900000| Untracked 
|   8|0x0000000081a00000, 0x0000000081a00000, 0x0000000081b00000|  0%| F|  |TAMS 0x0000000081a00000, 0x0000000081a00000| Untracked 
|   9|0x0000000081b00000, 0x0000000081b00000, 0x0000000081c00000|  0%| F|  |TAMS 0x0000000081b00000, 0x0000000081b00000| Untracked 
|  10|0x0000000081c00000, 0x0000000081c00000, 0x0000000081d00000|  0%| F|  |TAMS 0x0000000081c00000, 0x0000000081c00000| Untracked 
|  11|0x0000000081d00000, 0x0000000081d00000, 0x0000000081e00000|  0%| F|  |TAMS 0x0000000081d00000, 0x0000000081d00000| Untracked 
|  12|0x0000000081e00000, 0x0000000081e00000, 0x0000000081f00000|  0%| F|  |TAMS 0x0000000081e00000, 0x0000000081e00000| Untracked 
|  13|0x0000000081f00000, 0x0000000081f00000, 0x0000000082000000|  0%| F|  |TAMS 0x0000000081f00000, 0x0000000081f00000| Untracked 
|  14|0x0000000082000000, 0x0000000082000000, 0x0000000082100000|  0%| F|  |TAMS 0x0000000082000000, 0x0000000082000000| Untracked 
|  15|0x0000000082100000, 0x0000000082100000, 0x0000000082200000|  0%| F|  |TAMS 0x0000000082100000, 0x0000000082100000| Untracked 
|  16|0x0000000082200000, 0x0000000082200000, 0x0000000082300000|  0%| F|  |TAMS 0x0000000082200000, 0x0000000082200000| Untracked 
|  17|0x0000000082300000, 0x0000000082300000, 0x0000000082400000|  0%| F|  |TAMS 0x0000000082300000, 0x0000000082300000| Untracked 
|  18|0x0000000082400000, 0x0000000082400000, 0x0000000082500000|  0%| F|  |TAMS 0x0000000082400000, 0x0000000082400000| Untracked 
|  19|0x0000000082500000, 0x0000000082500000, 0x0000000082600000|  0%| F|  |TAMS 0x0000000082500000, 0x0000000082500000| Untracked 
|  20|0x0000000082600000, 0x0000000082600000, 0x0000000082700000|  0%| F|  |TAMS 0x0000000082600000, 0x0000000082600000| Untracked 
|  21|0x0000000082700000, 0x0000000082700000, 0x0000000082800000|  0%| F|  |TAMS 0x0000000082700000, 0x0000000082700000| Untracked 
|  22|0x0000000082800000, 0x0000000082800000, 0x0000000082900000|  0%| F|  |TAMS 0x0000000082800000, 0x0000000082800000| Untracked 
|  23|0x0000000082900000, 0x0000000082900000, 0x0000000082a00000|  0%| F|  |TAMS 0x0000000082900000, 0x0000000082900000| Untracked 
|  24|0x0000000082a00000, 0x0000000082a00000, 0x0000000082b00000|  0%| F|  |TAMS 0x0000000082a00000, 0x0000000082a00000| Untracked 
|  25|0x0000000082b00000, 0x0000000082b00000, 0x0000000082c00000|  0%| F|  |TAMS 0x0000000082b00000, 0x0000000082b00000| Untracked 
|  26|0x0000000082c00000, 0x0000000082c00000, 0x0000000082d00000|  0%| F|  |TAMS 0x0000000082c00000, 0x0000000082c00000| Untracked 
|  27|0x0000000082d00000, 0x0000000082d00000, 0x0000000082e00000|  0%| F|  |TAMS 0x0000000082d00000, 0x0000000082d00000| Untracked 
|  28|0x0000000082e00000, 0x0000000082e00000, 0x0000000082f00000|  0%| F|  |TAMS 0x0000000082e00000, 0x0000000082e00000| Untracked 
|  29|0x0000000082f00000, 0x0000000082f00000, 0x0000000083000000|  0%| F|  |TAMS 0x0000000082f00000, 0x0000000082f00000| Untracked 
|  30|0x0000000083000000, 0x0000000083000000, 0x0000000083100000|  0%| F|  |TAMS 0x0000000083000000, 0x0000000083000000| Untracked 
|  31|0x0000000083100000, 0x0000000083100000, 0x0000000083200000|  0%| F|  |TAMS 0x0000000083100000, 0x0000000083100000| Untracked 
|  32|0x0000000083200000, 0x0000000083200000, 0x0000000083300000|  0%| F|  |TAMS 0x0000000083200000, 0x0000000083200000| Untracked 
|  33|0x0000000083300000, 0x0000000083300000, 0x0000000083400000|  0%| F|  |TAMS 0x0000000083300000, 0x0000000083300000| Untracked 
|  34|0x0000000083400000, 0x0000000083400000, 0x0000000083500000|  0%| F|  |TAMS 0x0000000083400000, 0x0000000083400000| Untracked 
|  35|0x0000000083500000, 0x0000000083500000, 0x0000000083600000|  0%| F|  |TAMS 0x0000000083500000, 0x0000000083500000| Untracked 
|  36|0x0000000083600000, 0x0000000083600000, 0x0000000083700000|  0%| F|  |TAMS 0x0000000083600000, 0x0000000083600000| Untracked 
|  37|0x0000000083700000, 0x0000000083700000, 0x0000000083800000|  0%| F|  |TAMS 0x0000000083700000, 0x0000000083700000| Untracked 
|  38|0x0000000083800000, 0x0000000083800000, 0x0000000083900000|  0%| F|  |TAMS 0x0000000083800000, 0x0000000083800000| Untracked 
|  39|0x0000000083900000, 0x0000000083900000, 0x0000000083a00000|  0%| F|  |TAMS 0x0000000083900000, 0x0000000083900000| Untracked 
|  40|0x0000000083a00000, 0x0000000083a00000, 0x0000000083b00000|  0%| F|  |TAMS 0x0000000083a00000, 0x0000000083a00000| Untracked 
|  41|0x0000000083b00000, 0x0000000083b00000, 0x0000000083c00000|  0%| F|  |TAMS 0x0000000083b00000, 0x0000000083b00000| Untracked 
|  42|0x0000000083c00000, 0x0000000083c00000, 0x0000000083d00000|  0%| F|  |TAMS 0x0000000083c00000, 0x0000000083c00000| Untracked 
|  43|0x0000000083d00000, 0x0000000083d00000, 0x0000000083e00000|  0%| F|  |TAMS 0x0000000083d00000, 0x0000000083d00000| Untracked 
|  44|0x0000000083e00000, 0x0000000083e00000, 0x0000000083f00000|  0%| F|  |TAMS 0x0000000083e00000, 0x0000000083e00000| Untracked 
|  45|0x0000000083f00000, 0x0000000083f00000, 0x0000000084000000|  0%| F|  |TAMS 0x0000000083f00000, 0x0000000083f00000| Untracked 
|  46|0x0000000084000000, 0x0000000084000000, 0x0000000084100000|  0%| F|  |TAMS 0x0000000084000000, 0x0000000084000000| Untracked 
|  47|0x0000000084100000, 0x0000000084100000, 0x0000000084200000|  0%| F|  |TAMS 0x0000000084100000, 0x0000000084100000| Untracked 
|  48|0x0000000084200000, 0x0000000084200000, 0x0000000084300000|  0%| F|  |TAMS 0x0000000084200000, 0x0000000084200000| Untracked 
|  49|0x0000000084300000, 0x0000000084300000, 0x0000000084400000|  0%| F|  |TAMS 0x0000000084300000, 0x0000000084300000| Untracked 
|  50|0x0000000084400000, 0x0000000084400000, 0x0000000084500000|  0%| F|  |TAMS 0x0000000084400000, 0x0000000084400000| Untracked 
|  51|0x0000000084500000, 0x0000000084500000, 0x0000000084600000|  0%| F|  |TAMS 0x0000000084500000, 0x0000000084500000| Untracked 
|  52|0x0000000084600000, 0x0000000084600000, 0x0000000084700000|  0%| F|  |TAMS 0x0000000084600000, 0x0000000084600000| Untracked 
|  53|0x0000000084700000, 0x0000000084700000, 0x0000000084800000|  0%| F|  |TAMS 0x0000000084700000, 0x0000000084700000| Untracked 
|  54|0x0000000084800000, 0x0000000084800000, 0x0000000084900000|  0%| F|  |TAMS 0x0000000084800000, 0x0000000084800000| Untracked 
|  55|0x0000000084900000, 0x0000000084900000, 0x0000000084a00000|  0%| F|  |TAMS 0x0000000084900000, 0x0000000084900000| Untracked 
|  56|0x0000000084a00000, 0x0000000084a00000, 0x0000000084b00000|  0%| F|  |TAMS 0x0000000084a00000, 0x0000000084a00000| Untracked 
|  57|0x0000000084b00000, 0x0000000084b00000, 0x0000000084c00000|  0%| F|  |TAMS 0x0000000084b00000, 0x0000000084b00000| Untracked 
|  58|0x0000000084c00000, 0x0000000084c00000, 0x0000000084d00000|  0%| F|  |TAMS 0x0000000084c00000, 0x0000000084c00000| Untracked 
|  59|0x0000000084d00000, 0x0000000084d00000, 0x0000000084e00000|  0%| F|  |TAMS 0x0000000084d00000, 0x0000000084d00000| Untracked 
|  60|0x0000000084e00000, 0x0000000084e00000, 0x0000000084f00000|  0%| F|  |TAMS 0x0000000084e00000, 0x0000000084e00000| Untracked 
|  61|0x0000000084f00000, 0x0000000084f00000, 0x0000000085000000|  0%| F|  |TAMS 0x0000000084f00000, 0x0000000084f00000| Untracked 
|  62|0x0000000085000000, 0x0000000085000000, 0x0000000085100000|  0%| F|  |TAMS 0x0000000085000000, 0x0000000085000000| Untracked 
|  63|0x0000000085100000, 0x0000000085100000, 0x0000000085200000|  0%| F|  |TAMS 0x0000000085100000, 0x0000000085100000| Untracked 
|  64|0x0000000085200000, 0x0000000085200000, 0x0000000085300000|  0%| F|  |TAMS 0x0000000085200000, 0x0000000085200000| Untracked 
|  65|0x0000000085300000, 0x0000000085300000, 0x0000000085400000|  0%| F|  |TAMS 0x0000000085300000, 0x0000000085300000| Untracked 
|  66|0x0000000085400000, 0x0000000085400000, 0x0000000085500000|  0%| F|  |TAMS 0x0000000085400000, 0x0000000085400000| Untracked 
|  67|0x0000000085500000, 0x0000000085500000, 0x0000000085600000|  0%| F|  |TAMS 0x0000000085500000, 0x0000000085500000| Untracked 
|  68|0x0000000085600000, 0x0000000085600000, 0x0000000085700000|  0%| F|  |TAMS 0x0000000085600000, 0x0000000085600000| Untracked 
|  69|0x0000000085700000, 0x0000000085700000, 0x0000000085800000|  0%| F|  |TAMS 0x0000000085700000, 0x0000000085700000| Untracked 
|  70|0x0000000085800000, 0x0000000085800000, 0x0000000085900000|  0%| F|  |TAMS 0x0000000085800000, 0x0000000085800000| Untracked 
|  71|0x0000000085900000, 0x0000000085900000, 0x0000000085a00000|  0%| F|  |TAMS 0x0000000085900000, 0x0000000085900000| Untracked 
|  72|0x0000000085a00000, 0x0000000085a00000, 0x0000000085b00000|  0%| F|  |TAMS 0x0000000085a00000, 0x0000000085a00000| Untracked 
|  73|0x0000000085b00000, 0x0000000085b00000, 0x0000000085c00000|  0%| F|  |TAMS 0x0000000085b00000, 0x0000000085b00000| Untracked 
|  74|0x0000000085c00000, 0x0000000085c00000, 0x0000000085d00000|  0%| F|  |TAMS 0x0000000085c00000, 0x0000000085c00000| Untracked 
|  75|0x0000000085d00000, 0x0000000085d00000, 0x0000000085e00000|  0%| F|  |TAMS 0x0000000085d00000, 0x0000000085d00000| Untracked 
|  76|0x0000000085e00000, 0x0000000085e00000, 0x0000000085f00000|  0%| F|  |TAMS 0x0000000085e00000, 0x0000000085e00000| Untracked 
|  77|0x0000000085f00000, 0x0000000085f00000, 0x0000000086000000|  0%| F|  |TAMS 0x0000000085f00000, 0x0000000085f00000| Untracked 
|  78|0x0000000086000000, 0x0000000086000000, 0x0000000086100000|  0%| F|  |TAMS 0x0000000086000000, 0x0000000086000000| Untracked 
|  79|0x0000000086100000, 0x0000000086100000, 0x0000000086200000|  0%| F|  |TAMS 0x0000000086100000, 0x0000000086100000| Untracked 
|  80|0x0000000086200000, 0x0000000086200000, 0x0000000086300000|  0%| F|  |TAMS 0x0000000086200000, 0x0000000086200000| Untracked 
|  81|0x0000000086300000, 0x0000000086300000, 0x0000000086400000|  0%| F|  |TAMS 0x0000000086300000, 0x0000000086300000| Untracked 
|  82|0x0000000086400000, 0x0000000086400000, 0x0000000086500000|  0%| F|  |TAMS 0x0000000086400000, 0x0000000086400000| Untracked 
|  83|0x0000000086500000, 0x0000000086500000, 0x0000000086600000|  0%| F|  |TAMS 0x0000000086500000, 0x0000000086500000| Untracked 
|  84|0x0000000086600000, 0x0000000086600000, 0x0000000086700000|  0%| F|  |TAMS 0x0000000086600000, 0x0000000086600000| Untracked 
|  85|0x0000000086700000, 0x0000000086700000, 0x0000000086800000|  0%| F|  |TAMS 0x0000000086700000, 0x0000000086700000| Untracked 
|  86|0x0000000086800000, 0x0000000086800000, 0x0000000086900000|  0%| F|  |TAMS 0x0000000086800000, 0x0000000086800000| Untracked 
|  87|0x0000000086900000, 0x0000000086900000, 0x0000000086a00000|  0%| F|  |TAMS 0x0000000086900000, 0x0000000086900000| Untracked 
|  88|0x0000000086a00000, 0x0000000086a00000, 0x0000000086b00000|  0%| F|  |TAMS 0x0000000086a00000, 0x0000000086a00000| Untracked 
|  89|0x0000000086b00000, 0x0000000086b00000, 0x0000000086c00000|  0%| F|  |TAMS 0x0000000086b00000, 0x0000000086b00000| Untracked 
|  90|0x0000000086c00000, 0x0000000086c00000, 0x0000000086d00000|  0%| F|  |TAMS 0x0000000086c00000, 0x0000000086c00000| Untracked 
|  91|0x0000000086d00000, 0x0000000086d00000, 0x0000000086e00000|  0%| F|  |TAMS 0x0000000086d00000, 0x0000000086d00000| Untracked 
|  92|0x0000000086e00000, 0x0000000086e00000, 0x0000000086f00000|  0%| F|  |TAMS 0x0000000086e00000, 0x0000000086e00000| Untracked 
|  93|0x0000000086f00000, 0x0000000086f00000, 0x0000000087000000|  0%| F|  |TAMS 0x0000000086f00000, 0x0000000086f00000| Untracked 
|  94|0x0000000087000000, 0x00000000870c77a0, 0x0000000087100000| 77%| S|CS|TAMS 0x0000000087000000, 0x0000000087000000| Complete 
|  95|0x0000000087100000, 0x0000000087200000, 0x0000000087200000|100%| S|CS|TAMS 0x0000000087100000, 0x0000000087100000| Complete 
|  96|0x0000000087200000, 0x0000000087300000, 0x0000000087300000|100%| S|CS|TAMS 0x0000000087200000, 0x0000000087200000| Complete 
|  97|0x0000000087300000, 0x0000000087400000, 0x0000000087400000|100%| S|CS|TAMS 0x0000000087300000, 0x0000000087300000| Complete 
|  98|0x0000000087400000, 0x0000000087500000, 0x0000000087500000|100%| S|CS|TAMS 0x0000000087400000, 0x0000000087400000| Complete 
|  99|0x0000000087500000, 0x0000000087500000, 0x0000000087600000|  0%| F|  |TAMS 0x0000000087500000, 0x0000000087500000| Untracked 
| 100|0x0000000087600000, 0x0000000087600000, 0x0000000087700000|  0%| F|  |TAMS 0x0000000087600000, 0x0000000087600000| Untracked 
| 101|0x0000000087700000, 0x0000000087700000, 0x0000000087800000|  0%| F|  |TAMS 0x0000000087700000, 0x0000000087700000| Untracked 
| 102|0x0000000087800000, 0x0000000087800000, 0x0000000087900000|  0%| F|  |TAMS 0x0000000087800000, 0x0000000087800000| Untracked 
| 103|0x0000000087900000, 0x0000000087900000, 0x0000000087a00000|  0%| F|  |TAMS 0x0000000087900000, 0x0000000087900000| Untracked 
| 104|0x0000000087a00000, 0x0000000087a00000, 0x0000000087b00000|  0%| F|  |TAMS 0x0000000087a00000, 0x0000000087a00000| Untracked 
| 105|0x0000000087b00000, 0x0000000087b00000, 0x0000000087c00000|  0%| F|  |TAMS 0x0000000087b00000, 0x0000000087b00000| Untracked 
| 106|0x0000000087c00000, 0x0000000087c00000, 0x0000000087d00000|  0%| F|  |TAMS 0x0000000087c00000, 0x0000000087c00000| Untracked 
| 107|0x0000000087d00000, 0x0000000087d00000, 0x0000000087e00000|  0%| F|  |TAMS 0x0000000087d00000, 0x0000000087d00000| Untracked 
| 108|0x0000000087e00000, 0x0000000087e00000, 0x0000000087f00000|  0%| F|  |TAMS 0x0000000087e00000, 0x0000000087e00000| Untracked 
| 109|0x0000000087f00000, 0x0000000087f00000, 0x0000000088000000|  0%| F|  |TAMS 0x0000000087f00000, 0x0000000087f00000| Untracked 
| 110|0x0000000088000000, 0x0000000088000000, 0x0000000088100000|  0%| F|  |TAMS 0x0000000088000000, 0x0000000088000000| Untracked 
| 111|0x0000000088100000, 0x0000000088100000, 0x0000000088200000|  0%| F|  |TAMS 0x0000000088100000, 0x0000000088100000| Untracked 
| 112|0x0000000088200000, 0x0000000088200000, 0x0000000088300000|  0%| F|  |TAMS 0x0000000088200000, 0x0000000088200000| Untracked 
| 113|0x0000000088300000, 0x0000000088300000, 0x0000000088400000|  0%| F|  |TAMS 0x0000000088300000, 0x0000000088300000| Untracked 
| 114|0x0000000088400000, 0x0000000088400000, 0x0000000088500000|  0%| F|  |TAMS 0x0000000088400000, 0x0000000088400000| Untracked 
| 115|0x0000000088500000, 0x0000000088500000, 0x0000000088600000|  0%| F|  |TAMS 0x0000000088500000, 0x0000000088500000| Untracked 
| 116|0x0000000088600000, 0x0000000088600000, 0x0000000088700000|  0%| F|  |TAMS 0x0000000088600000, 0x0000000088600000| Untracked 
| 117|0x0000000088700000, 0x0000000088700000, 0x0000000088800000|  0%| F|  |TAMS 0x0000000088700000, 0x0000000088700000| Untracked 
| 118|0x0000000088800000, 0x0000000088800000, 0x0000000088900000|  0%| F|  |TAMS 0x0000000088800000, 0x0000000088800000| Untracked 
| 119|0x0000000088900000, 0x0000000088900000, 0x0000000088a00000|  0%| F|  |TAMS 0x0000000088900000, 0x0000000088900000| Untracked 
| 120|0x0000000088a00000, 0x0000000088a00000, 0x0000000088b00000|  0%| F|  |TAMS 0x0000000088a00000, 0x0000000088a00000| Untracked 
| 121|0x0000000088b00000, 0x0000000088b00000, 0x0000000088c00000|  0%| F|  |TAMS 0x0000000088b00000, 0x0000000088b00000| Untracked 
| 122|0x0000000088c00000, 0x0000000088c00000, 0x0000000088d00000|  0%| F|  |TAMS 0x0000000088c00000, 0x0000000088c00000| Untracked 
| 123|0x0000000088d00000, 0x0000000088d00000, 0x0000000088e00000|  0%| F|  |TAMS 0x0000000088d00000, 0x0000000088d00000| Untracked 
| 124|0x0000000088e00000, 0x0000000088e00000, 0x0000000088f00000|  0%| F|  |TAMS 0x0000000088e00000, 0x0000000088e00000| Untracked 
| 125|0x0000000088f00000, 0x0000000088f81010, 0x0000000089000000| 50%| E|  |TAMS 0x0000000088f00000, 0x0000000088f00000| Complete 
| 126|0x0000000089000000, 0x0000000089100000, 0x0000000089100000|100%| E|CS|TAMS 0x0000000089000000, 0x0000000089000000| Complete 
| 127|0x0000000089100000, 0x0000000089200000, 0x0000000089200000|100%| E|CS|TAMS 0x0000000089100000, 0x0000000089100000| Complete 

Card table byte_map: [0x0000013ee0b10000,0x0000013ee0f10000] _byte_map_base: 0x0000013ee0707000

Marking Bits (Prev, Next): (CMBitMap*) 0x0000013ecdc2ff70, (CMBitMap*) 0x0000013ecdc2ff38
 Prev Bits: [0x0000013ee32d0000, 0x0000013ee5288000)
 Next Bits: [0x0000013ee1310000, 0x0000013ee32c8000)

Polling page: 0x0000013ecb9b0000

Metaspace:

Usage:
  Non-class:     13.87 MB capacity,    13.79 MB (>99%) used,    70.70 KB ( <1%) free+waste,    12.06 KB ( <1%) overhead. 
      Class:      1.50 MB capacity,     1.46 MB ( 97%) used,    37.09 KB (  2%) free+waste,     3.75 KB ( <1%) overhead. 
       Both:     15.37 MB capacity,    15.25 MB (>99%) used,   107.79 KB ( <1%) free+waste,    15.81 KB ( <1%) overhead. 

Virtual space:
  Non-class space:       20.00 MB reserved,      14.00 MB ( 70%) committed 
      Class space:        1.00 GB reserved,       1.63 MB ( <1%) committed 
             Both:        1.02 GB reserved,      15.63 MB (  1%) committed 

Chunk freelists:
   Non-Class:  5.00 KB
       Class:  30.00 KB
        Both:  35.00 KB

MaxMetaspaceSize: 17179869184.00 GB
CompressedClassSpaceSize: 1.00 GB
Initial GC threshold: 20.80 MB
Current GC threshold: 25.42 MB
CDS: off

CodeHeap 'non-profiled nmethods': size=120064Kb used=363Kb max_used=363Kb free=119700Kb
 bounds [0x0000013ed91d0000, 0x0000013ed9440000, 0x0000013ee0710000]
CodeHeap 'profiled nmethods': size=120000Kb used=2648Kb max_used=2648Kb free=117351Kb
 bounds [0x0000013ed1ca0000, 0x0000013ed1f40000, 0x0000013ed91d0000]
CodeHeap 'non-nmethods': size=5696Kb used=1153Kb max_used=1162Kb free=4542Kb
 bounds [0x0000013ed1710000, 0x0000013ed1980000, 0x0000013ed1ca0000]
 total_blobs=1712 nmethods=1302 adapters=323
 compilation: enabled
              stopped_count=0, restarted_count=0
 full_count=0

Compilation events (20 events):
Event: 2.810 Thread 0x0000013ee77a3000 1207       1       kotlin.reflect.jvm.internal.impl.descriptors.impl.PropertyDescriptorImpl::isConst (5 bytes)
Event: 2.810 Thread 0x0000013ee77a3000 nmethod 1207 0x0000013ed9228c10 code [0x0000013ed9228dc0, 0x0000013ed9228e78]
Event: 2.810 Thread 0x0000013ee77a2000 nmethod 1197 0x0000013ed9228f10 code [0x0000013ed92290a0, 0x0000013ed9229138]
Event: 2.811 Thread 0x0000013ee77a3000 1208       3       kotlin.reflect.jvm.internal.impl.storage.LockBasedStorageManager$LockBasedLazyValue::postCompute (1 bytes)
Event: 2.811 Thread 0x0000013ee77a3000 nmethod 1208 0x0000013ed1ee8590 code [0x0000013ed1ee8740, 0x0000013ed1ee8838]
Event: 2.811 Thread 0x0000013ee77a3000 1209       3       kotlin.reflect.jvm.internal.impl.name.ClassId::equals (74 bytes)
Event: 2.812 Thread 0x0000013ee77a2000 1210   !   4       java.util.concurrent.ConcurrentHashMap::putVal (432 bytes)
Event: 2.812 Thread 0x0000013ee77a3000 nmethod 1209 0x0000013ed1ee8910 code [0x0000013ed1ee8b00, 0x0000013ed1ee8f78]
Event: 2.814 Thread 0x0000013ee77a3000 1212       3       kotlin.reflect.jvm.internal.impl.name.FqName::shortName (17 bytes)
Event: 2.814 Thread 0x0000013ee77a3000 nmethod 1212 0x0000013ed1ee9110 code [0x0000013ed1ee92e0, 0x0000013ed1ee9498]
Event: 2.814 Thread 0x0000013ee77a3000 1213       3       java.io.ByteArrayOutputStream::<init> (43 bytes)
Event: 2.815 Thread 0x0000013ee77a3000 nmethod 1213 0x0000013ed1ee9590 code [0x0000013ed1ee9800, 0x0000013ed1eea218]
Event: 2.815 Thread 0x0000013ee77a3000 1214       3       kotlin.reflect.jvm.internal.impl.metadata.ProtoBuf$Type$Argument::getSerializedSize (97 bytes)
Event: 2.816 Thread 0x0000013ee77a3000 nmethod 1214 0x0000013ed1eea590 code [0x0000013ed1eea820, 0x0000013ed1eeb258]
Event: 2.816 Thread 0x0000013ee77a3000 1215       3       java.io.ByteArrayOutputStream::<init> (7 bytes)
Event: 2.816 Thread 0x0000013ee77a3000 nmethod 1215 0x0000013ed1eeb690 code [0x0000013ed1eeb840, 0x0000013ed1eeb968]
Event: 2.817 Thread 0x0000013ee77a3000 1216       3       java.io.WinNTFileSystem::normalize (143 bytes)
Event: 2.818 Thread 0x0000013ee77a3000 nmethod 1216 0x0000013ed1eeba10 code [0x0000013ed1eebca0, 0x0000013ed1eec7f8]
Event: 2.818 Thread 0x0000013ee77a3000 1217       3       java.util.Collections$UnmodifiableCollection::isEmpty (10 bytes)
Event: 2.818 Thread 0x0000013ee77a3000 nmethod 1217 0x0000013ed1eecc90 code [0x0000013ed1eece40, 0x0000013ed1eed008]

GC Heap History (2 events):
Event: 1.369 GC heap before
{Heap before GC invocations=0 (full 0):
 garbage-first heap   total 131072K, used 18432K [0x0000000081200000, 0x0000000100000000)
  region size 1024K, 14 young (14336K), 0 survivors (0K)
 Metaspace       used 9480K, capacity 9615K, committed 9856K, reserved 1058816K
  class space    used 784K, capacity 820K, committed 896K, reserved 1048576K
}
Event: 1.378 GC heap after
{Heap after GC invocations=1 (full 0):
 garbage-first heap   total 131072K, used 6348K [0x0000000081200000, 0x0000000100000000)
  region size 1024K, 2 young (2048K), 2 survivors (2048K)
 Metaspace       used 9480K, capacity 9615K, committed 9856K, reserved 1058816K
  class space    used 784K, capacity 820K, committed 896K, reserved 1048576K
}

Deoptimization events (20 events):
Event: 2.203 Thread 0x0000013ecdbf0800 Uncommon trap: trap_request=0xffffffde fr.pc=0x0000013ed91fd208 relative=0x0000000000000488
Event: 2.203 Thread 0x0000013ecdbf0800 Uncommon trap: reason=class_check action=maybe_recompile pc=0x0000013ed91fd208 method=kotlin.reflect.jvm.internal.impl.protobuf.CodedInputStream.tryRefillBuffer(I)Z @ 175 c2
Event: 2.203 Thread 0x0000013ecdbf0800 DEOPT PACKING pc=0x0000013ed91fd208 sp=0x0000001721dfda90
Event: 2.203 Thread 0x0000013ecdbf0800 DEOPT UNPACKING pc=0x0000013ed175a1af sp=0x0000001721dfd978 mode 2
Event: 2.208 Thread 0x0000013ecdbf0800 Uncommon trap: trap_request=0xffffffde fr.pc=0x0000013ed91fd208 relative=0x0000000000000488
Event: 2.208 Thread 0x0000013ecdbf0800 Uncommon trap: reason=class_check action=maybe_recompile pc=0x0000013ed91fd208 method=kotlin.reflect.jvm.internal.impl.protobuf.CodedInputStream.tryRefillBuffer(I)Z @ 175 c2
Event: 2.208 Thread 0x0000013ecdbf0800 DEOPT PACKING pc=0x0000013ed91fd208 sp=0x0000001721dfda90
Event: 2.208 Thread 0x0000013ecdbf0800 DEOPT UNPACKING pc=0x0000013ed175a1af sp=0x0000001721dfd978 mode 2
Event: 2.208 Thread 0x0000013ecdbf0800 DEOPT PACKING pc=0x0000013ed1e0a97f sp=0x0000001721dfca70
Event: 2.208 Thread 0x0000013ecdbf0800 DEOPT UNPACKING pc=0x0000013ed175a95e sp=0x0000001721dfbec0 mode 0
Event: 2.209 Thread 0x0000013ecdbf0800 Uncommon trap: trap_request=0xffffffde fr.pc=0x0000013ed91fd208 relative=0x0000000000000488
Event: 2.209 Thread 0x0000013ecdbf0800 Uncommon trap: reason=class_check action=maybe_recompile pc=0x0000013ed91fd208 method=kotlin.reflect.jvm.internal.impl.protobuf.CodedInputStream.tryRefillBuffer(I)Z @ 175 c2
Event: 2.209 Thread 0x0000013ecdbf0800 DEOPT PACKING pc=0x0000013ed91fd208 sp=0x0000001721dfdb80
Event: 2.209 Thread 0x0000013ecdbf0800 DEOPT UNPACKING pc=0x0000013ed175a1af sp=0x0000001721dfda68 mode 2
Event: 2.215 Thread 0x0000013ecdbf0800 Uncommon trap: trap_request=0xffffffde fr.pc=0x0000013ed91fd208 relative=0x0000000000000488
Event: 2.215 Thread 0x0000013ecdbf0800 Uncommon trap: reason=class_check action=maybe_recompile pc=0x0000013ed91fd208 method=kotlin.reflect.jvm.internal.impl.protobuf.CodedInputStream.tryRefillBuffer(I)Z @ 175 c2
Event: 2.215 Thread 0x0000013ecdbf0800 DEOPT PACKING pc=0x0000013ed91fd208 sp=0x0000001721dfd8b0
Event: 2.215 Thread 0x0000013ecdbf0800 DEOPT UNPACKING pc=0x0000013ed175a1af sp=0x0000001721dfd798 mode 2
Event: 2.438 Thread 0x0000013ecdbf0800 DEOPT PACKING pc=0x0000013ed1e0a97f sp=0x0000001721dfc070
Event: 2.438 Thread 0x0000013ecdbf0800 DEOPT UNPACKING pc=0x0000013ed175a95e sp=0x0000001721dfb4c0 mode 0

Classes redefined (0 events):
No events

Internal exceptions (0 events):
No events

Events (20 events):
Event: 2.535 loading class kotlin/reflect/jvm/internal/impl/descriptors/Visibilities
Event: 2.535 loading class kotlin/reflect/jvm/internal/impl/descriptors/Visibilities done
Event: 2.536 loading class kotlin/collections/builders/MapBuilder
Event: 2.536 loading class kotlin/collections/builders/MapBuilder done
Event: 2.536 loading class kotlin/jvm/internal/markers/KMutableMap
Event: 2.536 loading class kotlin/jvm/internal/markers/KMutableMap done
Event: 2.538 loading class java/io/NotSerializableException
Event: 2.743 loading class java/io/ObjectStreamException
Event: 2.743 loading class java/io/ObjectStreamException done
Event: 2.744 loading class java/io/NotSerializableException done
Event: 2.745 loading class kotlin/collections/builders/MapBuilder$Companion
Event: 2.745 loading class kotlin/collections/builders/MapBuilder$Companion done
Event: 2.746 loading class kotlin/collections/builders/ListBuilderKt
Event: 2.746 loading class kotlin/collections/builders/ListBuilderKt done
Event: 2.777 loading class kotlin/reflect/jvm/internal/impl/resolve/DescriptorFactory
Event: 2.777 loading class kotlin/reflect/jvm/internal/impl/resolve/DescriptorFactory done
Event: 2.778 loading class kotlin/reflect/jvm/internal/impl/resolve/DescriptorFactory$DefaultClassConstructorDescriptor
Event: 2.778 loading class kotlin/reflect/jvm/internal/impl/resolve/DescriptorFactory$DefaultClassConstructorDescriptor done
Event: 2.778 loading class kotlin/reflect/jvm/internal/impl/descriptors/SimpleFunctionDescriptor
Event: 2.778 loading class kotlin/reflect/jvm/internal/impl/descriptors/SimpleFunctionDescriptor done


Dynamic libraries:
0x00007ff7035d0000 - 0x00007ff7035da000 	C:\Program Files\Android\Android Studio1\jre\bin\java.exe
0x00007ff99ad10000 - 0x00007ff99af08000 	C:\Windows\SYSTEM32\ntdll.dll
0x00007ff99a5d0000 - 0x00007ff99a68d000 	C:\Windows\System32\KERNEL32.DLL
0x00007ff9988a0000 - 0x00007ff998b96000 	C:\Windows\System32\KERNELBASE.dll
0x00007ff998710000 - 0x00007ff998810000 	C:\Windows\System32\ucrtbase.dll
0x00007ff995dc0000 - 0x00007ff995dd9000 	C:\Program Files\Android\Android Studio1\jre\bin\jli.dll
0x00007ff99a430000 - 0x00007ff99a5ce000 	C:\Windows\System32\USER32.dll
0x00007ff9984a0000 - 0x00007ff9984c2000 	C:\Windows\System32\win32u.dll
0x00007ff9990b0000 - 0x00007ff9990db000 	C:\Windows\System32\GDI32.dll
0x00007ff998580000 - 0x00007ff998697000 	C:\Windows\System32\gdi32full.dll
0x00007ff998400000 - 0x00007ff99849d000 	C:\Windows\System32\msvcp_win.dll
0x00007ff993c50000 - 0x00007ff993c67000 	C:\Program Files\Android\Android Studio1\jre\bin\VCRUNTIME140.dll
0x00007ff988490000 - 0x00007ff98872a000 	C:\Windows\WinSxS\amd64_microsoft.windows.common-controls_6595b64144ccf1df_6.0.19041.3636_none_60b6a03d71f818d5\COMCTL32.dll
0x00007ff99a390000 - 0x00007ff99a42e000 	C:\Windows\System32\msvcrt.dll
0x00007ff9990e0000 - 0x00007ff999112000 	C:\Windows\System32\IMM32.DLL
0x00007ff976130000 - 0x00007ff9761cd000 	C:\Program Files\Android\Android Studio1\jre\bin\msvcp140.dll
0x00007ff93cd60000 - 0x00007ff93d862000 	C:\Program Files\Android\Android Studio1\jre\bin\server\jvm.dll
0x00007ff999b70000 - 0x00007ff999c23000 	C:\Windows\System32\ADVAPI32.dll
0x00007ff999460000 - 0x00007ff9994ff000 	C:\Windows\System32\sechost.dll
0x00007ff999180000 - 0x00007ff9992a6000 	C:\Windows\System32\RPCRT4.dll
0x00007ff9983d0000 - 0x00007ff9983f7000 	C:\Windows\System32\bcrypt.dll
0x00007ff998f40000 - 0x00007ff998f48000 	C:\Windows\System32\PSAPI.DLL
0x00007ff940b40000 - 0x00007ff940b49000 	C:\Windows\SYSTEM32\WSOCK32.dll
0x00007ff999040000 - 0x00007ff9990ab000 	C:\Windows\System32\WS2_32.dll
0x00007ff988860000 - 0x00007ff988887000 	C:\Windows\SYSTEM32\WINMM.dll
0x00007ff987e30000 - 0x00007ff987e3a000 	C:\Windows\SYSTEM32\VERSION.dll
0x00007ff996280000 - 0x00007ff996292000 	C:\Windows\SYSTEM32\kernel.appcore.dll
0x00007ff93da80000 - 0x00007ff93da91000 	C:\Program Files\Android\Android Studio1\jre\bin\verify.dll
0x00007ff981f40000 - 0x00007ff982124000 	C:\Windows\SYSTEM32\DBGHELP.DLL
0x00007ff981f00000 - 0x00007ff981f34000 	C:\Windows\SYSTEM32\dbgcore.DLL
0x00007ff998810000 - 0x00007ff998892000 	C:\Windows\System32\bcryptPrimitives.dll
0x00007ff93da50000 - 0x00007ff93da79000 	C:\Program Files\Android\Android Studio1\jre\bin\java.dll
0x00007ff940650000 - 0x00007ff94065b000 	C:\Program Files\Android\Android Studio1\jre\bin\jimage.dll
0x00007ff93da30000 - 0x00007ff93da48000 	C:\Program Files\Android\Android Studio1\jre\bin\zip.dll
0x00007ff999c40000 - 0x00007ff99a385000 	C:\Windows\System32\SHELL32.dll
0x00007ff996480000 - 0x00007ff996c1c000 	C:\Windows\SYSTEM32\windows.storage.dll
0x00007ff999510000 - 0x00007ff999864000 	C:\Windows\System32\combase.dll
0x00007ff997e00000 - 0x00007ff997e2e000 	C:\Windows\SYSTEM32\Wldp.dll
0x00007ff998f70000 - 0x00007ff99903d000 	C:\Windows\System32\OLEAUT32.dll
0x00007ff999870000 - 0x00007ff99991d000 	C:\Windows\System32\SHCORE.dll
0x00007ff998dd0000 - 0x00007ff998e25000 	C:\Windows\System32\shlwapi.dll
0x00007ff998300000 - 0x00007ff998325000 	C:\Windows\SYSTEM32\profapi.dll
0x00007ff93da10000 - 0x00007ff93da2a000 	C:\Program Files\Android\Android Studio1\jre\bin\net.dll
0x00007ff98a7c0000 - 0x00007ff98a8ca000 	C:\Windows\SYSTEM32\WINHTTP.dll
0x00007ff997b60000 - 0x00007ff997bca000 	C:\Windows\system32\mswsock.dll
0x00007ff93d9f0000 - 0x00007ff93da04000 	C:\Program Files\Android\Android Studio1\jre\bin\nio.dll

dbghelp: loaded successfully - version: 4.0.5 - missing functions: none
symbol engine: initialized successfully - sym options: 0x614 - pdb path: .;C:\Program Files\Android\Android Studio1\jre\bin;C:\Windows\SYSTEM32;C:\Windows\WinSxS\amd64_microsoft.windows.common-controls_6595b64144ccf1df_6.0.19041.3636_none_60b6a03d71f818d5;C:\Program Files\Android\Android Studio1\jre\bin\server

VM Arguments:
java_command: org.jetbrains.kotlin.cli.jvm.K2JVMCompiler @C:\Users\Admin\AndroidStudioProjects\IRDE\app\build\20240222_4588183785901575172.compiler.options
java_class_path (initial): C:\Users\Admin\.gradle\wrapper\dists\gradle-7.3.2-bin\caches\modules-2\files-2.1\org.jetbrains.kotlin\kotlin-compiler-embeddable\1.7.20\8db18559a581dd2c36ddfd5046af145650f5b126\kotlin-compiler-embeddable-1.7.20.jar;C:\Users\Admin\.gradle\wrapper\dists\gradle-7.3.2-bin\caches\modules-2\files-2.1\org.jetbrains.kotlin\kotlin-reflect\1.7.20\12b2501e33bb6373e8e347c86d85481863629381\kotlin-reflect-1.7.20.jar;C:\Users\Admin\.gradle\wrapper\dists\gradle-7.3.2-bin\caches\modules-2\files-2.1\org.jetbrains.kotlin\kotlin-stdlib\1.7.20\726594ea9ba2beb2ee113647fefa9a10f9fabe52\kotlin-stdlib-1.7.20.jar;C:\Users\Admin\.gradle\wrapper\dists\gradle-7.3.2-bin\caches\modules-2\files-2.1\org.jetbrains.kotlin\kotlin-script-runtime\1.7.20\bcd1cc6f865e632550357fcc59f5ffd532615a8\kotlin-script-runtime-1.7.20.jar;C:\Users\Admin\.gradle\wrapper\dists\gradle-7.3.2-bin\caches\modules-2\files-2.1\org.jetbrains.kotlin\kotlin-daemon-embeddable\1.7.20\1e24355adad8d529d75d5b19eab55484057431ba\kotlin-daemon-embeddable-1.7.20.jar;C:\Users\Admin\.gradle\wrapper\dists\gradle-7.3.2-bin\caches\modules-2\files-2.1\org.jetbrains.intellij.deps\trove4j\1.0.20200330\3afb14d5f9ceb459d724e907a21145e8ff394f02\trove4j-1.0.20200330.jar;C:\Users\Admin\.gradle\wrapper\dists\gradle-7.3.2-bin\caches\modules-2\files-2.1\net.java.dev.jna\jna\5.6.0\330f2244e9030119ab3030fc3fededc86713d9cc\jna-5.6.0.jar;C:\Users\Admin\.gradle\wrapper\dists\gradle-7.3.2-bin\caches\modules-2\files-2.1\org.jetbrains.kotlin\kotlin-stdlib-common\1.7.20\e15351bdaf9fa06f009be5da7a202e4184f00ae3\kotlin-stdlib-common-1.7.20.jar;C:\Users\Admin\.gradle\wrapper\dists\gradle-7.3.2-bin\caches\modules-2\files-2.1\org.jetbrains\annotations\13.0\919f0dfe192fb4e063e7dacadee7f8bb9a2672a9\annotations-13.0.jar
Launcher Type: SUN_STANDARD

[Global flags]
     intx CICompilerCount                          = 3                                         {product} {ergonomic}
     uint ConcGCThreads                            = 1                                         {product} {ergonomic}
     uint G1ConcRefinementThreads                  = 4                                         {product} {ergonomic}
   size_t G1HeapRegionSize                         = 1048576                                   {product} {ergonomic}
    uintx GCDrainStackTargetSize                   = 64                                        {product} {ergonomic}
   size_t InitialHeapSize                          = 134217728                                 {product} {ergonomic}
   size_t MarkStackSize                            = 4194304                                   {product} {ergonomic}
   size_t MaxHeapSize                              = 2128609280                                {product} {ergonomic}
   size_t MaxNewSize                               = 1277165568                                {product} {ergonomic}
   size_t MinHeapDeltaBytes                        = 1048576                                   {product} {ergonomic}
    uintx NonNMethodCodeHeapSize                   = 5830732                                {pd product} {ergonomic}
    uintx NonProfiledCodeHeapSize                  = 122913754                              {pd product} {ergonomic}
    uintx ProfiledCodeHeapSize                     = 122913754                              {pd product} {ergonomic}
    uintx ReservedCodeCacheSize                    = 251658240                              {pd product} {ergonomic}
     bool SegmentedCodeCache                       = true                                      {product} {ergonomic}
     bool UseCompressedClassPointers               = true                                 {lp64_product} {ergonomic}
     bool UseCompressedOops                        = true                                 {lp64_product} {ergonomic}
     bool UseG1GC                                  = true                                      {product} {ergonomic}
     bool UseLargePagesIndividualAllocation        = false                                  {pd product} {ergonomic}

Logging:
Log output configuration:
 #0: stdout all=warning uptime,level,tags
 #1: stderr all=off uptime,level,tags

Environment Variables:
JAVA_HOME=C:\Users\Admin
PATH=C:\Program Files\Common Files\Oracle\Java\javapath;C:\Program Files (x86)\Common Files\Oracle\Java\javapath;C:\Windows\system32;C:\Windows;C:\Windows\System32\Wbem;C:\Windows\System32\WindowsPowerShell\v1.0\;C:\Windows\System32\OpenSSH\;C:\Program Files\Git\cmd;C:\Program Files\dotnet\;C:\Program Files (x86)\dotnet\;C:\Users\Admin\AppData\Local\Microsoft\WindowsApps;C:\Program Files (x86)\Nmap
USERNAME=Admin
OS=Windows_NT
PROCESSOR_IDENTIFIER=Intel64 Family 6 Model 69 Stepping 1, GenuineIntel



---------------  S Y S T E M  ---------------

OS: Windows 10 , 64 bit Build 19041 (10.0.19041.3636)
OS uptime: 8 days 10:06 hours

CPU:total 4 (initial active 4) (2 cores per cpu, 2 threads per core) family 6 model 69 stepping 1 microcode 0x25, cmov, cx8, fxsr, mmx, sse, sse2, sse3, ssse3, sse4.1, sse4.2, popcnt, avx, avx2, aes, clmul, erms, lzcnt, ht, tsc, tscinvbit, bmi1, bmi2, fma

Memory: 4k page, system-wide physical 8113M (1103M free)
TotalPageFile size 15537M (AvailPageFile size 62M)
current process WorkingSet (physical memory assigned to process): 103M, peak: 103M
current process commit charge ("private bytes"): 223M, peak: 223M

vm_info: OpenJDK 64-Bit Server VM (11.0.13+0-b1751.21-8125866) for windows-amd64 JRE (11.0.13+0-b1751.21-8125866), built on Feb  2 2022 03:00:22 by "builder" with MS VC++ 14.0 (VS2015)

END.
